{"C:\\buda\\czwartaklasa4D\\webowe\\projektPalacz\\CHEZ\\Front\\src\\Components\\Error\\index.tsx": {"path":"C:\\buda\\czwartaklasa4D\\webowe\\projektPalacz\\CHEZ\\Front\\src\\Components\\Error\\index.tsx","statementMap":{"0":{"start":{"line":9,"column":4},"end":{"line":9,"column":103}}},"fnMap":{"0":{"name":"Error","decl":{"start":{"line":7,"column":16},"end":{"line":7,"column":21}},"loc":{"start":{"line":7,"column":42},"end":{"line":10,"column":1}},"line":7}},"branchMap":{},"s":{"0":9},"f":{"0":9},"b":{},"_coverageSchema":"1a1c01bbd47fc00a2c39e90264f33305004495a9","hash":"5d35dcf711e500dca1170efbc524ba4325b8f2b1"}
,"C:\\buda\\czwartaklasa4D\\webowe\\projektPalacz\\CHEZ\\Front\\src\\Components\\Footer\\index.tsx": {"path":"C:\\buda\\czwartaklasa4D\\webowe\\projektPalacz\\CHEZ\\Front\\src\\Components\\Footer\\index.tsx","statementMap":{"0":{"start":{"line":13,"column":4},"end":{"line":42,"column":5}}},"fnMap":{"0":{"name":"Footer","decl":{"start":{"line":12,"column":16},"end":{"line":12,"column":22}},"loc":{"start":{"line":12,"column":25},"end":{"line":43,"column":1}},"line":12}},"branchMap":{},"s":{"0":3},"f":{"0":3},"b":{},"_coverageSchema":"1a1c01bbd47fc00a2c39e90264f33305004495a9","hash":"23e685c389cef0a8b519ed14b83ab9c08186e5af"}
,"C:\\buda\\czwartaklasa4D\\webowe\\projektPalacz\\CHEZ\\Front\\src\\Components\\Header\\index.tsx": {"path":"C:\\buda\\czwartaklasa4D\\webowe\\projektPalacz\\CHEZ\\Front\\src\\Components\\Header\\index.tsx","statementMap":{"0":{"start":{"line":12,"column":36},"end":{"line":12,"column":50}},"1":{"start":{"line":13,"column":21},"end":{"line":13,"column":34}},"2":{"start":{"line":14,"column":32},"end":{"line":14,"column":46}},"3":{"start":{"line":15,"column":4},"end":{"line":29,"column":11}},"4":{"start":{"line":16,"column":8},"end":{"line":28,"column":15}},"5":{"start":{"line":18,"column":16},"end":{"line":24,"column":17}},"6":{"start":{"line":19,"column":20},"end":{"line":19,"column":78}},"7":{"start":{"line":20,"column":20},"end":{"line":20,"column":52}},"8":{"start":{"line":21,"column":20},"end":{"line":21,"column":51}},"9":{"start":{"line":23,"column":20},"end":{"line":23,"column":57}},"10":{"start":{"line":27,"column":16},"end":{"line":27,"column":63}},"11":{"start":{"line":32,"column":8},"end":{"line":32,"column":42}},"12":{"start":{"line":33,"column":8},"end":{"line":33,"column":25}},"13":{"start":{"line":34,"column":8},"end":{"line":34,"column":23}},"14":{"start":{"line":35,"column":8},"end":{"line":35,"column":40}},"15":{"start":{"line":36,"column":8},"end":{"line":42,"column":11}},"16":{"start":{"line":38,"column":16},"end":{"line":38,"column":46}},"17":{"start":{"line":41,"column":12},"end":{"line":41,"column":59}},"18":{"start":{"line":43,"column":8},"end":{"line":43,"column":33}},"19":{"start":{"line":46,"column":4},"end":{"line":69,"column":5}}},"fnMap":{"0":{"name":"Header","decl":{"start":{"line":11,"column":16},"end":{"line":11,"column":22}},"loc":{"start":{"line":11,"column":25},"end":{"line":70,"column":1}},"line":11},"1":{"name":"(anonymous_1)","decl":{"start":{"line":15,"column":14},"end":{"line":15,"column":15}},"loc":{"start":{"line":15,"column":20},"end":{"line":29,"column":5}},"line":15},"2":{"name":"(anonymous_2)","decl":{"start":{"line":17,"column":18},"end":{"line":17,"column":19}},"loc":{"start":{"line":17,"column":30},"end":{"line":25,"column":13}},"line":17},"3":{"name":"(anonymous_3)","decl":{"start":{"line":26,"column":19},"end":{"line":26,"column":20}},"loc":{"start":{"line":26,"column":28},"end":{"line":28,"column":13}},"line":26},"4":{"name":"LogOut","decl":{"start":{"line":31,"column":13},"end":{"line":31,"column":19}},"loc":{"start":{"line":31,"column":22},"end":{"line":44,"column":5}},"line":31},"5":{"name":"(anonymous_5)","decl":{"start":{"line":37,"column":14},"end":{"line":37,"column":15}},"loc":{"start":{"line":37,"column":26},"end":{"line":39,"column":9}},"line":37},"6":{"name":"(anonymous_6)","decl":{"start":{"line":40,"column":15},"end":{"line":40,"column":16}},"loc":{"start":{"line":40,"column":24},"end":{"line":42,"column":9}},"line":40}},"branchMap":{"0":{"loc":{"start":{"line":18,"column":16},"end":{"line":24,"column":17}},"type":"if","locations":[{"start":{"line":18,"column":16},"end":{"line":24,"column":17}},{"start":{"line":22,"column":23},"end":{"line":24,"column":17}}],"line":18},"1":{"loc":{"start":{"line":18,"column":20},"end":{"line":18,"column":55}},"type":"binary-expr","locations":[{"start":{"line":18,"column":20},"end":{"line":18,"column":33}},{"start":{"line":18,"column":37},"end":{"line":18,"column":55}}],"line":18},"2":{"loc":{"start":{"line":53,"column":13},"end":{"line":63,"column":17}},"type":"cond-expr","locations":[{"start":{"line":54,"column":20},"end":{"line":58,"column":26}},{"start":{"line":60,"column":20},"end":{"line":62,"column":26}}],"line":53}},"s":{"0":7,"1":6,"2":6,"3":6,"4":4,"5":4,"6":2,"7":2,"8":2,"9":2,"10":0,"11":0,"12":0,"13":0,"14":0,"15":0,"16":0,"17":0,"18":0,"19":6},"f":{"0":7,"1":4,"2":4,"3":0,"4":0,"5":0,"6":0},"b":{"0":[2,2],"1":[4,2],"2":[2,4]},"_coverageSchema":"1a1c01bbd47fc00a2c39e90264f33305004495a9","hash":"1fa84148b2f83e6cc8b7304b0484cb4443b3dc42"}
,"C:\\buda\\czwartaklasa4D\\webowe\\projektPalacz\\CHEZ\\Front\\src\\Components\\Navbar\\index.tsx": {"path":"C:\\buda\\czwartaklasa4D\\webowe\\projektPalacz\\CHEZ\\Front\\src\\Components\\Navbar\\index.tsx","statementMap":{"0":{"start":{"line":12,"column":26},"end":{"line":12,"column":41}},"1":{"start":{"line":13,"column":27},"end":{"line":13,"column":38}},"2":{"start":{"line":15,"column":4},"end":{"line":15,"column":23}},"3":{"start":{"line":16,"column":4},"end":{"line":21,"column":5}},"4":{"start":{"line":17,"column":8},"end":{"line":17,"column":21}},"5":{"start":{"line":20,"column":8},"end":{"line":20,"column":22}},"6":{"start":{"line":23,"column":2},"end":{"line":41,"column":4}},"7":{"start":{"line":32,"column":29},"end":{"line":32,"column":54}},"8":{"start":{"line":34,"column":16},"end":{"line":34,"column":112}}},"fnMap":{"0":{"name":"Navbar","decl":{"start":{"line":10,"column":16},"end":{"line":10,"column":22}},"loc":{"start":{"line":10,"column":25},"end":{"line":42,"column":1}},"line":10},"1":{"name":"Swap","decl":{"start":{"line":14,"column":11},"end":{"line":14,"column":15}},"loc":{"start":{"line":14,"column":18},"end":{"line":22,"column":3}},"line":14},"2":{"name":"(anonymous_2)","decl":{"start":{"line":32,"column":20},"end":{"line":32,"column":21}},"loc":{"start":{"line":32,"column":29},"end":{"line":32,"column":54}},"line":32},"3":{"name":"(anonymous_3)","decl":{"start":{"line":33,"column":17},"end":{"line":33,"column":18}},"loc":{"start":{"line":34,"column":16},"end":{"line":34,"column":112}},"line":34}},"branchMap":{"0":{"loc":{"start":{"line":16,"column":4},"end":{"line":21,"column":5}},"type":"if","locations":[{"start":{"line":16,"column":4},"end":{"line":21,"column":5}},{"start":{"line":19,"column":9},"end":{"line":21,"column":5}}],"line":16},"1":{"loc":{"start":{"line":27,"column":13},"end":{"line":27,"column":163}},"type":"cond-expr","locations":[{"start":{"line":27,"column":21},"end":{"line":27,"column":94}},{"start":{"line":27,"column":96},"end":{"line":27,"column":163}}],"line":27}},"s":{"0":13,"1":11,"2":2,"3":2,"4":0,"5":2,"6":11,"7":55,"8":44},"f":{"0":13,"1":2,"2":55,"3":44},"b":{"0":[0,2],"1":[0,11]},"_coverageSchema":"1a1c01bbd47fc00a2c39e90264f33305004495a9","hash":"d7a4520d92cc88c30494a8cc12ef38284a63b455"}
,"C:\\buda\\czwartaklasa4D\\webowe\\projektPalacz\\CHEZ\\Front\\src\\Functions\\SkinFloatToName.tsx": {"path":"C:\\buda\\czwartaklasa4D\\webowe\\projektPalacz\\CHEZ\\Front\\src\\Functions\\SkinFloatToName.tsx","statementMap":{"0":{"start":{"line":2,"column":4},"end":{"line":16,"column":5}},"1":{"start":{"line":3,"column":8},"end":{"line":3,"column":29}},"2":{"start":{"line":5,"column":9},"end":{"line":16,"column":5}},"3":{"start":{"line":6,"column":8},"end":{"line":6,"column":30}},"4":{"start":{"line":8,"column":9},"end":{"line":16,"column":5}},"5":{"start":{"line":9,"column":8},"end":{"line":9,"column":30}},"6":{"start":{"line":11,"column":9},"end":{"line":16,"column":5}},"7":{"start":{"line":12,"column":8},"end":{"line":12,"column":27}},"8":{"start":{"line":15,"column":8},"end":{"line":15,"column":32}}},"fnMap":{"0":{"name":"SkinFloatToName","decl":{"start":{"line":1,"column":16},"end":{"line":1,"column":31}},"loc":{"start":{"line":1,"column":55},"end":{"line":17,"column":1}},"line":1}},"branchMap":{"0":{"loc":{"start":{"line":2,"column":4},"end":{"line":16,"column":5}},"type":"if","locations":[{"start":{"line":2,"column":4},"end":{"line":16,"column":5}},{"start":{"line":5,"column":9},"end":{"line":16,"column":5}}],"line":2},"1":{"loc":{"start":{"line":5,"column":9},"end":{"line":16,"column":5}},"type":"if","locations":[{"start":{"line":5,"column":9},"end":{"line":16,"column":5}},{"start":{"line":8,"column":9},"end":{"line":16,"column":5}}],"line":5},"2":{"loc":{"start":{"line":8,"column":9},"end":{"line":16,"column":5}},"type":"if","locations":[{"start":{"line":8,"column":9},"end":{"line":16,"column":5}},{"start":{"line":11,"column":9},"end":{"line":16,"column":5}}],"line":8},"3":{"loc":{"start":{"line":11,"column":9},"end":{"line":16,"column":5}},"type":"if","locations":[{"start":{"line":11,"column":9},"end":{"line":16,"column":5}},{"start":{"line":14,"column":9},"end":{"line":16,"column":5}}],"line":11}},"s":{"0":11,"1":3,"2":8,"3":2,"4":6,"5":2,"6":4,"7":2,"8":2},"f":{"0":11},"b":{"0":[3,8],"1":[2,6],"2":[2,4],"3":[2,2]},"_coverageSchema":"1a1c01bbd47fc00a2c39e90264f33305004495a9","hash":"86ef9288118bdc1acc4fb5b09f821df15487dbdc"}
,"C:\\buda\\czwartaklasa4D\\webowe\\projektPalacz\\CHEZ\\Front\\src\\Pages\\LoginPage\\index.tsx": {"path":"C:\\buda\\czwartaklasa4D\\webowe\\projektPalacz\\CHEZ\\Front\\src\\Pages\\LoginPage\\index.tsx","statementMap":{"0":{"start":{"line":17,"column":42},"end":{"line":17,"column":57}},"1":{"start":{"line":18,"column":40},"end":{"line":18,"column":55}},"2":{"start":{"line":19,"column":25},"end":{"line":19,"column":40}},"3":{"start":{"line":20,"column":21},"end":{"line":20,"column":34}},"4":{"start":{"line":22,"column":8},"end":{"line":22,"column":26}},"5":{"start":{"line":24,"column":39},"end":{"line":24,"column":63}},"6":{"start":{"line":26,"column":22},"end":{"line":26,"column":38}},"7":{"start":{"line":27,"column":21},"end":{"line":27,"column":36}},"8":{"start":{"line":29,"column":23},"end":{"line":29,"column":77}},"9":{"start":{"line":31,"column":8},"end":{"line":31,"column":67}},"10":{"start":{"line":32,"column":8},"end":{"line":32,"column":41}},"11":{"start":{"line":34,"column":8},"end":{"line":56,"column":9}},"12":{"start":{"line":35,"column":25},"end":{"line":38,"column":13}},"13":{"start":{"line":39,"column":12},"end":{"line":39,"column":29}},"14":{"start":{"line":40,"column":12},"end":{"line":54,"column":48}},"15":{"start":{"line":42,"column":20},"end":{"line":42,"column":42}},"16":{"start":{"line":43,"column":36},"end":{"line":43,"column":48}},"17":{"start":{"line":44,"column":20},"end":{"line":44,"column":62}},"18":{"start":{"line":45,"column":20},"end":{"line":52,"column":21}},"19":{"start":{"line":46,"column":41},"end":{"line":46,"column":59}},"20":{"start":{"line":47,"column":24},"end":{"line":47,"column":62}},"21":{"start":{"line":49,"column":25},"end":{"line":52,"column":21}},"22":{"start":{"line":50,"column":24},"end":{"line":50,"column":52}},"23":{"start":{"line":51,"column":24},"end":{"line":51,"column":36}},"24":{"start":{"line":54,"column":30},"end":{"line":54,"column":46}},"25":{"start":{"line":59,"column":4},"end":{"line":80,"column":6}}},"fnMap":{"0":{"name":"LoginPage","decl":{"start":{"line":13,"column":9},"end":{"line":13,"column":18}},"loc":{"start":{"line":13,"column":20},"end":{"line":81,"column":1}},"line":13},"1":{"name":"Validation","decl":{"start":{"line":21,"column":13},"end":{"line":21,"column":23}},"loc":{"start":{"line":21,"column":51},"end":{"line":57,"column":5}},"line":21},"2":{"name":"(anonymous_2)","decl":{"start":{"line":41,"column":22},"end":{"line":41,"column":23}},"loc":{"start":{"line":41,"column":29},"end":{"line":53,"column":13}},"line":41},"3":{"name":"(anonymous_3)","decl":{"start":{"line":54,"column":23},"end":{"line":54,"column":24}},"loc":{"start":{"line":54,"column":30},"end":{"line":54,"column":46}},"line":54}},"branchMap":{"0":{"loc":{"start":{"line":31,"column":23},"end":{"line":31,"column":65}},"type":"binary-expr","locations":[{"start":{"line":31,"column":23},"end":{"line":31,"column":41}},{"start":{"line":31,"column":45},"end":{"line":31,"column":65}}],"line":31},"1":{"loc":{"start":{"line":34,"column":8},"end":{"line":56,"column":9}},"type":"if","locations":[{"start":{"line":34,"column":8},"end":{"line":56,"column":9}},{"start":{},"end":{}}],"line":34},"2":{"loc":{"start":{"line":34,"column":11},"end":{"line":34,"column":46}},"type":"binary-expr","locations":[{"start":{"line":34,"column":11},"end":{"line":34,"column":27}},{"start":{"line":34,"column":31},"end":{"line":34,"column":46}}],"line":34},"3":{"loc":{"start":{"line":45,"column":20},"end":{"line":52,"column":21}},"type":"if","locations":[{"start":{"line":45,"column":20},"end":{"line":52,"column":21}},{"start":{"line":49,"column":25},"end":{"line":52,"column":21}}],"line":45},"4":{"loc":{"start":{"line":49,"column":25},"end":{"line":52,"column":21}},"type":"if","locations":[{"start":{"line":49,"column":25},"end":{"line":52,"column":21}},{"start":{},"end":{}}],"line":49},"5":{"loc":{"start":{"line":67,"column":17},"end":{"line":67,"column":88}},"type":"binary-expr","locations":[{"start":{"line":67,"column":17},"end":{"line":67,"column":28}},{"start":{"line":67,"column":32},"end":{"line":67,"column":88}}],"line":67},"6":{"loc":{"start":{"line":72,"column":17},"end":{"line":72,"column":74}},"type":"binary-expr","locations":[{"start":{"line":72,"column":17},"end":{"line":72,"column":27}},{"start":{"line":72,"column":31},"end":{"line":72,"column":74}}],"line":72},"7":{"loc":{"start":{"line":77,"column":17},"end":{"line":77,"column":79}},"type":"binary-expr","locations":[{"start":{"line":77,"column":17},"end":{"line":77,"column":20}},{"start":{"line":77,"column":24},"end":{"line":77,"column":79}}],"line":77}},"s":{"0":9,"1":9,"2":9,"3":9,"4":3,"5":3,"6":3,"7":3,"8":3,"9":3,"10":3,"11":3,"12":2,"13":2,"14":2,"15":2,"16":2,"17":2,"18":2,"19":1,"20":1,"21":1,"22":1,"23":1,"24":0,"25":9},"f":{"0":9,"1":3,"2":2,"3":0},"b":{"0":[3,3],"1":[2,1],"2":[3,3],"3":[1,1],"4":[1,0],"5":[9,1],"6":[9,1],"7":[9,2]},"_coverageSchema":"1a1c01bbd47fc00a2c39e90264f33305004495a9","hash":"a426eea8d5b1dbe31775e0e7e16fe62e866b664c"}
,"C:\\buda\\czwartaklasa4D\\webowe\\projektPalacz\\CHEZ\\Front\\src\\Pages\\MainPage\\index.tsx": {"path":"C:\\buda\\czwartaklasa4D\\webowe\\projektPalacz\\CHEZ\\Front\\src\\Pages\\MainPage\\index.tsx","statementMap":{"0":{"start":{"line":9,"column":4},"end":{"line":15,"column":5}}},"fnMap":{"0":{"name":"MainPage","decl":{"start":{"line":8,"column":16},"end":{"line":8,"column":24}},"loc":{"start":{"line":8,"column":26},"end":{"line":16,"column":1}},"line":8}},"branchMap":{},"s":{"0":4},"f":{"0":4},"b":{},"_coverageSchema":"1a1c01bbd47fc00a2c39e90264f33305004495a9","hash":"cfac3614bc93fbdfb5027a66a50addbe64dacd49"}
,"C:\\buda\\czwartaklasa4D\\webowe\\projektPalacz\\CHEZ\\Front\\src\\Pages\\SingUpPage\\index.tsx": {"path":"C:\\buda\\czwartaklasa4D\\webowe\\projektPalacz\\CHEZ\\Front\\src\\Pages\\SingUpPage\\index.tsx","statementMap":{"0":{"start":{"line":13,"column":40},"end":{"line":13,"column":55}},"1":{"start":{"line":14,"column":46},"end":{"line":14,"column":61}},"2":{"start":{"line":15,"column":42},"end":{"line":15,"column":57}},"3":{"start":{"line":16,"column":40},"end":{"line":16,"column":55}},"4":{"start":{"line":17,"column":31},"end":{"line":17,"column":46}},"5":{"start":{"line":18,"column":25},"end":{"line":18,"column":40}},"6":{"start":{"line":19,"column":36},"end":{"line":19,"column":51}},"7":{"start":{"line":20,"column":19},"end":{"line":20,"column":73}},"8":{"start":{"line":23,"column":8},"end":{"line":23,"column":26}},"9":{"start":{"line":24,"column":72},"end":{"line":24,"column":89}},"10":{"start":{"line":25,"column":21},"end":{"line":25,"column":36}},"11":{"start":{"line":26,"column":24},"end":{"line":26,"column":42}},"12":{"start":{"line":27,"column":22},"end":{"line":27,"column":38}},"13":{"start":{"line":28,"column":21},"end":{"line":28,"column":36}},"14":{"start":{"line":29,"column":21},"end":{"line":29,"column":36}},"15":{"start":{"line":31,"column":8},"end":{"line":31,"column":37}},"16":{"start":{"line":32,"column":8},"end":{"line":32,"column":41}},"17":{"start":{"line":33,"column":8},"end":{"line":33,"column":47}},"18":{"start":{"line":34,"column":8},"end":{"line":34,"column":67}},"19":{"start":{"line":35,"column":8},"end":{"line":35,"column":41}},"20":{"start":{"line":37,"column":8},"end":{"line":60,"column":9}},"21":{"start":{"line":38,"column":25},"end":{"line":44,"column":13}},"22":{"start":{"line":45,"column":12},"end":{"line":45,"column":29}},"23":{"start":{"line":46,"column":12},"end":{"line":59,"column":48}},"24":{"start":{"line":48,"column":20},"end":{"line":48,"column":42}},"25":{"start":{"line":49,"column":36},"end":{"line":49,"column":48}},"26":{"start":{"line":50,"column":20},"end":{"line":50,"column":62}},"27":{"start":{"line":51,"column":20},"end":{"line":53,"column":21}},"28":{"start":{"line":52,"column":28},"end":{"line":52,"column":40}},"29":{"start":{"line":54,"column":20},"end":{"line":57,"column":21}},"30":{"start":{"line":55,"column":24},"end":{"line":55,"column":41}},"31":{"start":{"line":56,"column":24},"end":{"line":56,"column":51}},"32":{"start":{"line":59,"column":30},"end":{"line":59,"column":46}},"33":{"start":{"line":63,"column":4},"end":{"line":95,"column":15}}},"fnMap":{"0":{"name":"SignUp","decl":{"start":{"line":11,"column":9},"end":{"line":11,"column":15}},"loc":{"start":{"line":11,"column":18},"end":{"line":96,"column":1}},"line":11},"1":{"name":"Validation","decl":{"start":{"line":22,"column":13},"end":{"line":22,"column":23}},"loc":{"start":{"line":22,"column":52},"end":{"line":61,"column":5}},"line":22},"2":{"name":"(anonymous_2)","decl":{"start":{"line":47,"column":22},"end":{"line":47,"column":23}},"loc":{"start":{"line":47,"column":29},"end":{"line":58,"column":17}},"line":47},"3":{"name":"(anonymous_3)","decl":{"start":{"line":59,"column":23},"end":{"line":59,"column":24}},"loc":{"start":{"line":59,"column":30},"end":{"line":59,"column":46}},"line":59}},"branchMap":{"0":{"loc":{"start":{"line":34,"column":23},"end":{"line":34,"column":65}},"type":"binary-expr","locations":[{"start":{"line":34,"column":23},"end":{"line":34,"column":41}},{"start":{"line":34,"column":45},"end":{"line":34,"column":65}}],"line":34},"1":{"loc":{"start":{"line":37,"column":8},"end":{"line":60,"column":9}},"type":"if","locations":[{"start":{"line":37,"column":8},"end":{"line":60,"column":9}},{"start":{},"end":{}}],"line":37},"2":{"loc":{"start":{"line":37,"column":11},"end":{"line":37,"column":109}},"type":"binary-expr","locations":[{"start":{"line":37,"column":11},"end":{"line":37,"column":26}},{"start":{"line":37,"column":30},"end":{"line":37,"column":48}},{"start":{"line":37,"column":52},"end":{"line":37,"column":71}},{"start":{"line":37,"column":75},"end":{"line":37,"column":90}},{"start":{"line":37,"column":94},"end":{"line":37,"column":109}}],"line":37},"3":{"loc":{"start":{"line":51,"column":20},"end":{"line":53,"column":21}},"type":"if","locations":[{"start":{"line":51,"column":20},"end":{"line":53,"column":21}},{"start":{},"end":{}}],"line":51},"4":{"loc":{"start":{"line":54,"column":20},"end":{"line":57,"column":21}},"type":"if","locations":[{"start":{"line":54,"column":20},"end":{"line":57,"column":21}},{"start":{},"end":{}}],"line":54},"5":{"loc":{"start":{"line":71,"column":17},"end":{"line":71,"column":92}},"type":"binary-expr","locations":[{"start":{"line":71,"column":17},"end":{"line":71,"column":27}},{"start":{"line":71,"column":31},"end":{"line":71,"column":92}}],"line":71},"6":{"loc":{"start":{"line":76,"column":17},"end":{"line":76,"column":97}},"type":"binary-expr","locations":[{"start":{"line":76,"column":17},"end":{"line":76,"column":30}},{"start":{"line":76,"column":34},"end":{"line":76,"column":97}}],"line":76},"7":{"loc":{"start":{"line":81,"column":17},"end":{"line":81,"column":86}},"type":"binary-expr","locations":[{"start":{"line":81,"column":17},"end":{"line":81,"column":23}},{"start":{"line":81,"column":27},"end":{"line":81,"column":86}}],"line":81},"8":{"loc":{"start":{"line":86,"column":17},"end":{"line":86,"column":81}},"type":"binary-expr","locations":[{"start":{"line":86,"column":17},"end":{"line":86,"column":28}},{"start":{"line":86,"column":32},"end":{"line":86,"column":81}}],"line":86},"9":{"loc":{"start":{"line":91,"column":17},"end":{"line":91,"column":82}},"type":"binary-expr","locations":[{"start":{"line":91,"column":17},"end":{"line":91,"column":27}},{"start":{"line":91,"column":31},"end":{"line":91,"column":82}}],"line":91},"10":{"loc":{"start":{"line":93,"column":17},"end":{"line":93,"column":117}},"type":"binary-expr","locations":[{"start":{"line":93,"column":17},"end":{"line":93,"column":20}},{"start":{"line":93,"column":24},"end":{"line":93,"column":117}}],"line":93}},"s":{"0":8,"1":8,"2":8,"3":8,"4":8,"5":8,"6":8,"7":8,"8":3,"9":3,"10":3,"11":3,"12":3,"13":3,"14":3,"15":3,"16":3,"17":3,"18":3,"19":3,"20":3,"21":2,"22":2,"23":2,"24":2,"25":2,"26":2,"27":2,"28":1,"29":2,"30":1,"31":1,"32":0,"33":8},"f":{"0":8,"1":3,"2":2,"3":0},"b":{"0":[3,2],"1":[2,1],"2":[3,2,2,2,2],"3":[1,1],"4":[1,1],"5":[8,1],"6":[8,1],"7":[8,1],"8":[8,1],"9":[8,1],"10":[8,2]},"_coverageSchema":"1a1c01bbd47fc00a2c39e90264f33305004495a9","hash":"6bc4bc48961c9505723e0024edb07d861f446841"}
,"C:\\buda\\czwartaklasa4D\\webowe\\projektPalacz\\CHEZ\\Front\\src\\Routing\\index.tsx": {"path":"C:\\buda\\czwartaklasa4D\\webowe\\projektPalacz\\CHEZ\\Front\\src\\Routing\\index.tsx","statementMap":{"0":{"start":{"line":18,"column":43},"end":{"line":48,"column":1}}},"fnMap":{},"branchMap":{},"s":{"0":2},"f":{},"b":{},"_coverageSchema":"1a1c01bbd47fc00a2c39e90264f33305004495a9","hash":"dc811a4a623b28e6871424de235f5c64d40256c4"}
}
