TN:
SF:src\Components\Error\index.tsx
FN:7,Error
FNF:1
FNH:1
FNDA:9,Error
DA:9,9
LF:1
LH:1
BRF:0
BRH:0
end_of_record
TN:
SF:src\Components\Footer\index.tsx
FN:12,Footer
FNF:1
FNH:1
FNDA:3,Footer
DA:13,3
LF:1
LH:1
BRF:0
BRH:0
end_of_record
TN:
SF:src\Components\Header\index.tsx
FN:11,Header
FN:15,(anonymous_1)
FN:17,(anonymous_2)
FN:26,(anonymous_3)
FN:31,LogOut
FN:37,(anonymous_5)
FN:40,(anonymous_6)
FNF:7
FNH:3
FNDA:7,Header
FNDA:4,(anonymous_1)
FNDA:4,(anonymous_2)
FNDA:0,(anonymous_3)
FNDA:0,LogOut
FNDA:0,(anonymous_5)
FNDA:0,(anonymous_6)
DA:12,7
DA:13,6
DA:14,6
DA:15,6
DA:16,4
DA:18,4
DA:19,2
DA:20,2
DA:21,2
DA:23,2
DA:27,0
DA:32,0
DA:33,0
DA:34,0
DA:35,0
DA:36,0
DA:38,0
DA:41,0
DA:43,0
DA:46,6
LF:20
LH:11
BRDA:18,0,0,2
BRDA:18,0,1,2
BRDA:18,1,0,4
BRDA:18,1,1,2
BRDA:53,2,0,2
BRDA:53,2,1,4
BRF:6
BRH:6
end_of_record
TN:
SF:src\Components\Navbar\index.tsx
FN:10,Navbar
FN:14,Swap
FN:32,(anonymous_2)
FN:33,(anonymous_3)
FNF:4
FNH:4
FNDA:13,Navbar
FNDA:2,Swap
FNDA:55,(anonymous_2)
FNDA:44,(anonymous_3)
DA:12,13
DA:13,11
DA:15,2
DA:16,2
DA:17,0
DA:20,2
DA:23,11
DA:32,55
DA:34,44
LF:9
LH:8
BRDA:16,0,0,0
BRDA:16,0,1,2
BRDA:27,1,0,0
BRDA:27,1,1,11
BRF:4
BRH:2
end_of_record
TN:
SF:src\Functions\SkinFloatToName.tsx
FN:1,SkinFloatToName
FNF:1
FNH:1
FNDA:11,SkinFloatToName
DA:2,11
DA:3,3
DA:5,8
DA:6,2
DA:8,6
DA:9,2
DA:11,4
DA:12,2
DA:15,2
LF:9
LH:9
BRDA:2,0,0,3
BRDA:2,0,1,8
BRDA:5,1,0,2
BRDA:5,1,1,6
BRDA:8,2,0,2
BRDA:8,2,1,4
BRDA:11,3,0,2
BRDA:11,3,1,2
BRF:8
BRH:8
end_of_record
TN:
SF:src\Pages\LoginPage\index.tsx
FN:13,LoginPage
FN:21,Validation
FN:41,(anonymous_2)
FN:54,(anonymous_3)
FNF:4
FNH:3
FNDA:9,LoginPage
FNDA:3,Validation
FNDA:2,(anonymous_2)
FNDA:0,(anonymous_3)
DA:17,9
DA:18,9
DA:19,9
DA:20,9
DA:22,3
DA:24,3
DA:26,3
DA:27,3
DA:29,3
DA:31,3
DA:32,3
DA:34,3
DA:35,2
DA:39,2
DA:40,2
DA:42,2
DA:43,2
DA:44,2
DA:45,2
DA:46,1
DA:47,1
DA:49,1
DA:50,1
DA:51,1
DA:54,0
DA:59,9
LF:26
LH:25
BRDA:31,0,0,3
BRDA:31,0,1,3
BRDA:34,1,0,2
BRDA:34,1,1,1
BRDA:34,2,0,3
BRDA:34,2,1,3
BRDA:45,3,0,1
BRDA:45,3,1,1
BRDA:49,4,0,1
BRDA:49,4,1,0
BRDA:67,5,0,9
BRDA:67,5,1,1
BRDA:72,6,0,9
BRDA:72,6,1,1
BRDA:77,7,0,9
BRDA:77,7,1,2
BRF:16
BRH:15
end_of_record
TN:
SF:src\Pages\MainPage\index.tsx
FN:8,MainPage
FNF:1
FNH:1
FNDA:4,MainPage
DA:9,4
LF:1
LH:1
BRF:0
BRH:0
end_of_record
TN:
SF:src\Pages\SingUpPage\index.tsx
FN:11,SignUp
FN:22,Validation
FN:47,(anonymous_2)
FN:59,(anonymous_3)
FNF:4
FNH:3
FNDA:8,SignUp
FNDA:3,Validation
FNDA:2,(anonymous_2)
FNDA:0,(anonymous_3)
DA:13,8
DA:14,8
DA:15,8
DA:16,8
DA:17,8
DA:18,8
DA:19,8
DA:20,8
DA:23,3
DA:24,3
DA:25,3
DA:26,3
DA:27,3
DA:28,3
DA:29,3
DA:31,3
DA:32,3
DA:33,3
DA:34,3
DA:35,3
DA:37,3
DA:38,2
DA:45,2
DA:46,2
DA:48,2
DA:49,2
DA:50,2
DA:51,2
DA:52,1
DA:54,2
DA:55,1
DA:56,1
DA:59,0
DA:63,8
LF:34
LH:33
BRDA:34,0,0,3
BRDA:34,0,1,2
BRDA:37,1,0,2
BRDA:37,1,1,1
BRDA:37,2,0,3
BRDA:37,2,1,2
BRDA:37,2,2,2
BRDA:37,2,3,2
BRDA:37,2,4,2
BRDA:51,3,0,1
BRDA:51,3,1,1
BRDA:54,4,0,1
BRDA:54,4,1,1
BRDA:71,5,0,8
BRDA:71,5,1,1
BRDA:76,6,0,8
BRDA:76,6,1,1
BRDA:81,7,0,8
BRDA:81,7,1,1
BRDA:86,8,0,8
BRDA:86,8,1,1
BRDA:91,9,0,8
BRDA:91,9,1,1
BRDA:93,10,0,8
BRDA:93,10,1,2
BRF:25
BRH:25
end_of_record
TN:
SF:src\Routing\index.tsx
FNF:0
FNH:0
DA:18,2
LF:1
LH:1
BRF:0
BRH:0
end_of_record
